2019-07-25 14:38:18 [scrapy.utils.log] INFO: Scrapy 1.6.0 started (bot: scrapy_error_mail)
2019-07-25 14:38:18 [scrapy.utils.log] INFO: Versions: lxml 4.3.2.0, libxml2 2.9.5, cssselect 1.0.3, parsel 1.5.1, w3lib 1.20.0, Twisted 18.9.0, Python 3.6.7 (v3.6.7:6ec5cf24b7, Oct 20 2018, 13:35:33) [MSC v.1900 64 bit (AMD64)], pyOpenSSL 19.0.0 (OpenSSL 1.1.1b  26 Feb 2019), cryptography 2.6.1, Platform Windows-10-10.0.17134-SP0
2019-07-25 14:38:18 [scrapy.crawler] INFO: Overridden settings: {'BOT_NAME': 'scrapy_error_mail', 'CLOSESPIDER_ERRORCOUNT': 1, 'CONCURRENT_REQUESTS': 1, 'DOWNLOAD_DELAY': 2, 'LOG_FILE': 'log/2019-7-25T14_38_17.log', 'MAIL_FROM': 'liuzc@jianshutech.com', 'MAIL_HOST': 'smtphz.qiye.163.com', 'MAIL_PASS': '4faNFstCz5jMUyU7', 'MAIL_PORT': 465, 'NEWSPIDER_MODULE': 'scrapy_error_mail.spiders', 'SPIDER_MODULES': ['scrapy_error_mail.spiders'], 'STATSMAILER_RCPTS': ['weipan@jianshutech.com', 'liuzc@jianshutech.com', 'chensy@jianshutech.com']}
2019-07-25 14:38:18 [scrapy.extensions.telnet] INFO: Telnet Password: 968dfb5ad440b8c9
2019-07-25 14:38:18 [scrapy.middleware] INFO: Enabled extensions:
['scrapy.extensions.corestats.CoreStats',
 'scrapy.extensions.telnet.TelnetConsole',
 'scrapy.extensions.closespider.CloseSpider',
 'scrapy.extensions.logstats.LogStats',
 'lzc.extensions.closespider.CloseSpider']
2019-07-25 14:38:18 [scrapy.middleware] INFO: Enabled downloader middlewares:
['scrapy.downloadermiddlewares.httpauth.HttpAuthMiddleware',
 'scrapy.downloadermiddlewares.downloadtimeout.DownloadTimeoutMiddleware',
 'scrapy.downloadermiddlewares.defaultheaders.DefaultHeadersMiddleware',
 'scrapy.downloadermiddlewares.useragent.UserAgentMiddleware',
 'scrapy.downloadermiddlewares.retry.RetryMiddleware',
 'scrapy.downloadermiddlewares.redirect.MetaRefreshMiddleware',
 'scrapy.downloadermiddlewares.httpcompression.HttpCompressionMiddleware',
 'scrapy.downloadermiddlewares.redirect.RedirectMiddleware',
 'scrapy.downloadermiddlewares.cookies.CookiesMiddleware',
 'scrapy.downloadermiddlewares.httpproxy.HttpProxyMiddleware',
 'scrapy.downloadermiddlewares.stats.DownloaderStats']
2019-07-25 14:38:18 [scrapy.middleware] INFO: Enabled spider middlewares:
['scrapy.spidermiddlewares.httperror.HttpErrorMiddleware',
 'scrapy.spidermiddlewares.offsite.OffsiteMiddleware',
 'scrapy.spidermiddlewares.referer.RefererMiddleware',
 'scrapy.spidermiddlewares.urllength.UrlLengthMiddleware',
 'scrapy.spidermiddlewares.depth.DepthMiddleware']
2019-07-25 14:38:18 [scrapy.middleware] INFO: Enabled item pipelines:
[]
2019-07-25 14:38:18 [scrapy.core.engine] INFO: Spider opened
2019-07-25 14:38:18 [scrapy.extensions.logstats] INFO: Crawled 0 pages (at 0 pages/min), scraped 0 items (at 0 items/min)
2019-07-25 14:38:18 [scrapy.extensions.telnet] INFO: Telnet console listening on 127.0.0.1:6025
2019-07-25 14:38:18 [scrapy.core.engine] DEBUG: Crawled (200) <GET http://www.baidu.com/> (referer: None)
2019-07-25 14:38:18 [scrapy.core.scraper] ERROR: Spider error processing <GET http://www.baidu.com/> (referer: None)
Traceback (most recent call last):
  File "C:\Users\62448\AppData\Local\Programs\Python\Python36\lib\site-packages\twisted\internet\defer.py", line 654, in _runCallbacks
    current.result = callback(current.result, *args, **kw)
  File "D:\LZC\repository\脚本\scrapy\demo\scrapy_error_mail\scrapy_error_mail\spiders\test.py", line 26, in parse
    a = response.xpath('asd').extract()[0]
IndexError: list index out of range
2019-07-25 14:38:18 [scrapy.core.engine] INFO: Closing spider (closespider_errorcount)
2019-07-25 14:38:19 [scrapy.core.engine] DEBUG: Crawled (200) <GET https://www.runoob.com/> (referer: None)
2019-07-25 14:38:19 [scrapy.core.scraper] ERROR: Spider error processing <GET https://www.runoob.com/> (referer: None)
Traceback (most recent call last):
  File "C:\Users\62448\AppData\Local\Programs\Python\Python36\lib\site-packages\twisted\internet\defer.py", line 654, in _runCallbacks
    current.result = callback(current.result, *args, **kw)
  File "D:\LZC\repository\脚本\scrapy\demo\scrapy_error_mail\scrapy_error_mail\spiders\test.py", line 26, in parse
    a = response.xpath('asd').extract()[0]
IndexError: list index out of range
2019-07-25 14:38:21 [scrapy.statscollectors] INFO: Dumping Scrapy stats:
{'downloader/request_bytes': 425,
 'downloader/request_count': 2,
 'downloader/request_method_count/GET': 2,
 'downloader/response_bytes': 153837,
 'downloader/response_count': 2,
 'downloader/response_status_count/200': 2,
 'finish_reason': 'closespider_errorcount',
 'finish_time': datetime.datetime(2019, 7, 25, 6, 38, 19, 435948),
 'log_count/DEBUG': 2,
 'log_count/ERROR': 2,
 'log_count/INFO': 9,
 'response_received_count': 2,
 'scheduler/dequeued': 2,
 'scheduler/dequeued/memory': 2,
 'scheduler/enqueued': 2,
 'scheduler/enqueued/memory': 2,
 'spider_exceptions/IndexError': 2,
 'start_time': datetime.datetime(2019, 7, 25, 6, 38, 18, 714818)}
2019-07-25 14:38:21 [scrapy.core.engine] INFO: Spider closed (closespider_errorcount)
